2025-06-23 09:59:53 - [INFO] Starting Rasa shell script in shell mode
2025-06-23 09:59:53 - [INFO] Checking dependencies...
2025-06-23 09:59:53 - [SUCCESS] All required dependencies are available
2025-06-23 09:59:53 - [INFO] Stopping any running Rasa shell processes...
2025-06-23 09:59:55 - [INFO] Finding latest model...
2025-06-23 09:59:55 - [SUCCESS] Using model: 20250620-232016-nice-raspberry.tar.gz
2025-06-23 09:59:55 - [INFO] Checking action server on port 5055
2025-06-23 09:59:55 - [INFO] Action server is not running. Starting it now...
2025-06-23 09:59:55 - [INFO] Waiting for action server to start...
2025-06-23 10:00:02 - [SUCCESS] Action server started successfully on port 5055
2025-06-23 10:00:02 - [INFO] Starting Rasa in shell mode with the following configuration:
2025-06-23 10:00:02 - [INFO] Loading model, this may take a moment...
2025-06-23 10:00:02 - [INFO] Running command: rasa shell --model models/20250620-232016-nice-raspberry.tar.gz --endpoints endpoints.yml --credentials credentials.yml --cors * --port 5005
2025-06-23 10:02:52 - [INFO] Cleaning up...
2025-06-23 10:02:52 - [INFO] Stopping action server (PID: 4346)...
2025-06-23 10:02:53 - [INFO] Starting Rasa shell script in shell mode
2025-06-23 10:02:53 - [INFO] Checking dependencies...
2025-06-23 10:02:53 - [SUCCESS] All required dependencies are available
2025-06-23 10:02:53 - [INFO] Stopping any running Rasa shell processes...
2025-06-23 10:02:53 - [SUCCESS] Cleanup complete.
2025-06-23 10:02:55 - [INFO] Finding latest model...
2025-06-23 10:02:55 - [SUCCESS] Using model: 20250620-232016-nice-raspberry.tar.gz
2025-06-23 10:02:55 - [INFO] Checking action server on port 5055
2025-06-23 10:02:55 - [INFO] Action server is not running. Starting it now...
2025-06-23 10:02:55 - [INFO] Waiting for action server to start...
2025-06-23 10:03:01 - [SUCCESS] Action server started successfully on port 5055
2025-06-23 10:03:01 - [INFO] Starting Rasa in shell mode with the following configuration:
2025-06-23 10:03:02 - [INFO] Loading model, this may take a moment...
2025-06-23 10:03:02 - [INFO] Running command: rasa shell --model models/20250620-232016-nice-raspberry.tar.gz --endpoints endpoints.yml --credentials credentials.yml --cors * --port 5005
2025-06-23 13:25:08 - [INFO] Cleaning up...
2025-06-23 13:25:08 - [INFO] Stopping action server (PID: 5255)...
2025-06-23 13:25:09 - [SUCCESS] Cleanup complete.
2025-06-23 13:25:09 - [INFO] Cleaning up...
2025-06-23 13:25:09 - [INFO] Stopping action server (PID: 5255)...
2025-06-23 13:25:10 - [SUCCESS] Cleanup complete.
