🛑 Stopping any running Rasa action servers...
🚀 Starting Rasa Action Server...
/Users/umitarslan/customer-care-ai/.venv/lib/python3.10/site-packages/rasa/core/tracker_store.py:1044: MovedIn20Warning: Deprecated API features detected! These feature(s) are not compatible with SQLAlchemy 2.0. To prevent incompatible upgrades prior to updating applications, ensure requirements files are pinned to "sqlalchemy<2.0". Set environment variable SQLALCHEMY_WARN_20=1 to show all deprecation warnings.  Set environment variable SQLALCHEMY_SILENCE_UBER_WARNING=1 to silence this message. (Background on SQLAlchemy 2.0 at: https://sqlalche.me/e/b8d9)
  Base: DeclarativeMeta = declarative_base()
/Users/umitarslan/customer-care-ai/.venv/lib/python3.10/site-packages/rasa/shared/utils/validation.py:134: DeprecationWarning: pkg_resources is deprecated as an API. See https://setuptools.pypa.io/en/latest/pkg_resources.html
  import pkg_resources
/Users/umitarslan/customer-care-ai/.venv/lib/python3.10/site-packages/pkg_resources/__init__.py:3117: DeprecationWarning: Deprecated call to `pkg_resources.declare_namespace('mpl_toolkits')`.
Implementing implicit namespace packages (as specified in PEP 420) is preferred to `pkg_resources.declare_namespace`. See https://setuptools.pypa.io/en/latest/references/keywords.html#keyword-namespace-packages
  declare_namespace(pkg)
/Users/umitarslan/customer-care-ai/.venv/lib/python3.10/site-packages/pkg_resources/__init__.py:3117: DeprecationWarning: Deprecated call to `pkg_resources.declare_namespace('ruamel')`.
Implementing implicit namespace packages (as specified in PEP 420) is preferred to `pkg_resources.declare_namespace`. See https://setuptools.pypa.io/en/latest/references/keywords.html#keyword-namespace-packages
  declare_namespace(pkg)
<frozen importlib._bootstrap>:283: DeprecationWarning: the load_module() method is deprecated and slated for removal in Python 3.12; use exec_module() instead
/Users/umitarslan/customer-care-ai/.venv/lib/python3.10/site-packages/sanic_cors/extension.py:39: DeprecationWarning: distutils Version classes are deprecated. Use packaging.version instead.
  SANIC_VERSION = LooseVersion(sanic_version)
2025-06-23 09:53:53 INFO     rasa_sdk.endpoint  - Starting action endpoint server...
2025-06-23 09:53:53 INFO     rasa_sdk.executor  - Registered function for 'action_tell_joke'.
2025-06-23 09:53:53 INFO     rasa_sdk.executor  - Registered function for 'action_tell_time'.
2025-06-23 09:53:53 INFO     rasa_sdk.executor  - Registered function for 'action_tell_date'.
2025-06-23 09:53:53 INFO     rasa_sdk.executor  - Registered function for 'action_tell_datetime'.
2025-06-23 09:53:53 INFO     rasa_sdk.executor  - Registered function for 'action_increment_fallback_count'.
2025-06-23 09:53:53 INFO     rasa_sdk.executor  - Registered function for 'action_handoff_to_human'.
2025-06-23 09:53:53 INFO     rasa_sdk.executor  - Registered function for 'action_ask_order_number'.
2025-06-23 09:53:53 INFO     rasa_sdk.executor  - Registered function for 'action_default_fallback'.
2025-06-23 09:53:53 INFO     rasa_sdk.executor  - Registered function for 'action_check_order_status'.
2025-06-23 09:53:53 INFO     rasa_sdk.executor  - Registered function for 'action_ask_how_can_i_help'.
2025-06-23 09:53:53 INFO     rasa_sdk.executor  - Registered function for 'action_return_item'.
2025-06-23 09:53:53 INFO     rasa_sdk.executor  - Registered function for 'action_contact_support'.
2025-06-23 09:53:53 INFO     rasa_sdk.executor  - Registered function for 'action_provide_return_policy'.
2025-06-23 09:53:53 INFO     rasa_sdk.executor  - Registered function for 'action_provide_order_status'.
2025-06-23 09:53:53 INFO     rasa_sdk.endpoint  - Starting plugins...
2025-06-23 09:53:53 DEBUG    rasa_sdk.plugin  - No plugins found: No module named 'rasa_sdk_plugins'
2025-06-23 09:53:53 INFO     rasa_sdk.endpoint  - Action endpoint is up and running on http://0.0.0.0:5055
2025-06-23 09:53:53 DEBUG    rasa_sdk.utils  - Using the default number of Sanic workers (1).
\n✅ Rasa Action Server has been stopped.
🛑 Stopping any running Rasa action servers...
🛑 Stopping any running Rasa action servers...
🚀 Starting Rasa Action Server...
/Users/umitarslan/customer-care-ai/.venv/lib/python3.10/site-packages/rasa/core/tracker_store.py:1044: MovedIn20Warning: Deprecated API features detected! These feature(s) are not compatible with SQLAlchemy 2.0. To prevent incompatible upgrades prior to updating applications, ensure requirements files are pinned to "sqlalchemy<2.0". Set environment variable SQLALCHEMY_WARN_20=1 to show all deprecation warnings.  Set environment variable SQLALCHEMY_SILENCE_UBER_WARNING=1 to silence this message. (Background on SQLAlchemy 2.0 at: https://sqlalche.me/e/b8d9)
  Base: DeclarativeMeta = declarative_base()
/Users/umitarslan/customer-care-ai/.venv/lib/python3.10/site-packages/rasa/shared/utils/validation.py:134: DeprecationWarning: pkg_resources is deprecated as an API. See https://setuptools.pypa.io/en/latest/pkg_resources.html
  import pkg_resources
/Users/umitarslan/customer-care-ai/.venv/lib/python3.10/site-packages/pkg_resources/__init__.py:3117: DeprecationWarning: Deprecated call to `pkg_resources.declare_namespace('mpl_toolkits')`.
Implementing implicit namespace packages (as specified in PEP 420) is preferred to `pkg_resources.declare_namespace`. See https://setuptools.pypa.io/en/latest/references/keywords.html#keyword-namespace-packages
  declare_namespace(pkg)
/Users/umitarslan/customer-care-ai/.venv/lib/python3.10/site-packages/pkg_resources/__init__.py:3117: DeprecationWarning: Deprecated call to `pkg_resources.declare_namespace('ruamel')`.
Implementing implicit namespace packages (as specified in PEP 420) is preferred to `pkg_resources.declare_namespace`. See https://setuptools.pypa.io/en/latest/references/keywords.html#keyword-namespace-packages
  declare_namespace(pkg)
🚀 Starting Rasa Action Server...
<frozen importlib._bootstrap>:283: DeprecationWarning: the load_module() method is deprecated and slated for removal in Python 3.12; use exec_module() instead
/Users/umitarslan/customer-care-ai/.venv/lib/python3.10/site-packages/sanic_cors/extension.py:39: DeprecationWarning: distutils Version classes are deprecated. Use packaging.version instead.
  SANIC_VERSION = LooseVersion(sanic_version)
2025-06-23 10:00:10 INFO     rasa_sdk.endpoint  - Starting action endpoint server...
2025-06-23 10:00:10 INFO     rasa_sdk.executor  - Registered function for 'action_tell_joke'.
2025-06-23 10:00:10 INFO     rasa_sdk.executor  - Registered function for 'action_tell_time'.
2025-06-23 10:00:10 INFO     rasa_sdk.executor  - Registered function for 'action_tell_date'.
2025-06-23 10:00:10 INFO     rasa_sdk.executor  - Registered function for 'action_tell_datetime'.
2025-06-23 10:00:10 INFO     rasa_sdk.executor  - Registered function for 'action_increment_fallback_count'.
2025-06-23 10:00:10 INFO     rasa_sdk.executor  - Registered function for 'action_handoff_to_human'.
2025-06-23 10:00:10 INFO     rasa_sdk.executor  - Registered function for 'action_ask_order_number'.
2025-06-23 10:00:10 INFO     rasa_sdk.executor  - Registered function for 'action_default_fallback'.
2025-06-23 10:00:10 INFO     rasa_sdk.executor  - Registered function for 'action_check_order_status'.
2025-06-23 10:00:10 INFO     rasa_sdk.executor  - Registered function for 'action_ask_how_can_i_help'.
2025-06-23 10:00:10 INFO     rasa_sdk.executor  - Registered function for 'action_return_item'.
2025-06-23 10:00:10 INFO     rasa_sdk.executor  - Registered function for 'action_contact_support'.
2025-06-23 10:00:10 INFO     rasa_sdk.executor  - Registered function for 'action_provide_return_policy'.
2025-06-23 10:00:10 INFO     rasa_sdk.executor  - Registered function for 'action_provide_order_status'.
2025-06-23 10:00:10 INFO     rasa_sdk.endpoint  - Starting plugins...
2025-06-23 10:00:10 DEBUG    rasa_sdk.plugin  - No plugins found: No module named 'rasa_sdk_plugins'
2025-06-23 10:00:10 INFO     rasa_sdk.endpoint  - Action endpoint is up and running on http://0.0.0.0:5055
2025-06-23 10:00:10 DEBUG    rasa_sdk.utils  - Using the default number of Sanic workers (1).
/Users/umitarslan/customer-care-ai/.venv/lib/python3.10/site-packages/rasa/core/tracker_store.py:1044: MovedIn20Warning: Deprecated API features detected! These feature(s) are not compatible with SQLAlchemy 2.0. To prevent incompatible upgrades prior to updating applications, ensure requirements files are pinned to "sqlalchemy<2.0". Set environment variable SQLALCHEMY_WARN_20=1 to show all deprecation warnings.  Set environment variable SQLALCHEMY_SILENCE_UBER_WARNING=1 to silence this message. (Background on SQLAlchemy 2.0 at: https://sqlalche.me/e/b8d9)
  Base: DeclarativeMeta = declarative_base()
/Users/umitarslan/customer-care-ai/.venv/lib/python3.10/site-packages/rasa/shared/utils/validation.py:134: DeprecationWarning: pkg_resources is deprecated as an API. See https://setuptools.pypa.io/en/latest/pkg_resources.html
  import pkg_resources
/Users/umitarslan/customer-care-ai/.venv/lib/python3.10/site-packages/pkg_resources/__init__.py:3117: DeprecationWarning: Deprecated call to `pkg_resources.declare_namespace('mpl_toolkits')`.
Implementing implicit namespace packages (as specified in PEP 420) is preferred to `pkg_resources.declare_namespace`. See https://setuptools.pypa.io/en/latest/references/keywords.html#keyword-namespace-packages
  declare_namespace(pkg)
/Users/umitarslan/customer-care-ai/.venv/lib/python3.10/site-packages/pkg_resources/__init__.py:3117: DeprecationWarning: Deprecated call to `pkg_resources.declare_namespace('ruamel')`.
Implementing implicit namespace packages (as specified in PEP 420) is preferred to `pkg_resources.declare_namespace`. See https://setuptools.pypa.io/en/latest/references/keywords.html#keyword-namespace-packages
  declare_namespace(pkg)
<frozen importlib._bootstrap>:283: DeprecationWarning: the load_module() method is deprecated and slated for removal in Python 3.12; use exec_module() instead
/Users/umitarslan/customer-care-ai/.venv/lib/python3.10/site-packages/sanic_cors/extension.py:39: DeprecationWarning: distutils Version classes are deprecated. Use packaging.version instead.
  SANIC_VERSION = LooseVersion(sanic_version)
2025-06-23 10:00:12 INFO     rasa_sdk.endpoint  - Starting action endpoint server...
2025-06-23 10:00:12 INFO     rasa_sdk.executor  - Registered function for 'action_tell_joke'.
2025-06-23 10:00:12 INFO     rasa_sdk.executor  - Registered function for 'action_tell_time'.
2025-06-23 10:00:12 INFO     rasa_sdk.executor  - Registered function for 'action_tell_date'.
2025-06-23 10:00:12 INFO     rasa_sdk.executor  - Registered function for 'action_tell_datetime'.
2025-06-23 10:00:12 INFO     rasa_sdk.executor  - Registered function for 'action_increment_fallback_count'.
2025-06-23 10:00:12 INFO     rasa_sdk.executor  - Registered function for 'action_handoff_to_human'.
2025-06-23 10:00:12 INFO     rasa_sdk.executor  - Registered function for 'action_ask_order_number'.
2025-06-23 10:00:12 INFO     rasa_sdk.executor  - Registered function for 'action_default_fallback'.
2025-06-23 10:00:12 INFO     rasa_sdk.executor  - Registered function for 'action_check_order_status'.
2025-06-23 10:00:12 INFO     rasa_sdk.executor  - Registered function for 'action_ask_how_can_i_help'.
2025-06-23 10:00:12 INFO     rasa_sdk.executor  - Registered function for 'action_return_item'.
2025-06-23 10:00:12 INFO     rasa_sdk.executor  - Registered function for 'action_contact_support'.
2025-06-23 10:00:12 INFO     rasa_sdk.executor  - Registered function for 'action_provide_return_policy'.
2025-06-23 10:00:12 INFO     rasa_sdk.executor  - Registered function for 'action_provide_order_status'.
2025-06-23 10:00:12 INFO     rasa_sdk.endpoint  - Starting plugins...
2025-06-23 10:00:12 DEBUG    rasa_sdk.plugin  - No plugins found: No module named 'rasa_sdk_plugins'
2025-06-23 10:00:12 INFO     rasa_sdk.endpoint  - Action endpoint is up and running on http://0.0.0.0:5055
2025-06-23 10:00:12 DEBUG    rasa_sdk.utils  - Using the default number of Sanic workers (1).
Unable to start server
Traceback (most recent call last):
  File "/Users/umitarslan/customer-care-ai/.venv/lib/python3.10/site-packages/sanic/server/runners.py", line 133, in serve
    http_server = loop.run_until_complete(server_coroutine)
  File "uvloop/loop.pyx", line 1518, in uvloop.loop.Loop.run_until_complete
  File "uvloop/loop.pyx", line 1794, in create_server
OSError: [Errno 48] error while attempting to bind on address ('0.0.0.0', 5055): address already in use
\n✅ Rasa Action Server has been stopped.
\n✅ Rasa Action Server has been stopped.
🛑 Stopping any running Rasa action servers...
🚀 Starting Rasa Action Server...
/Users/umitarslan/customer-care-ai/.venv/lib/python3.10/site-packages/rasa/core/tracker_store.py:1044: MovedIn20Warning: Deprecated API features detected! These feature(s) are not compatible with SQLAlchemy 2.0. To prevent incompatible upgrades prior to updating applications, ensure requirements files are pinned to "sqlalchemy<2.0". Set environment variable SQLALCHEMY_WARN_20=1 to show all deprecation warnings.  Set environment variable SQLALCHEMY_SILENCE_UBER_WARNING=1 to silence this message. (Background on SQLAlchemy 2.0 at: https://sqlalche.me/e/b8d9)
  Base: DeclarativeMeta = declarative_base()
/Users/umitarslan/customer-care-ai/.venv/lib/python3.10/site-packages/rasa/shared/utils/validation.py:134: DeprecationWarning: pkg_resources is deprecated as an API. See https://setuptools.pypa.io/en/latest/pkg_resources.html
  import pkg_resources
/Users/umitarslan/customer-care-ai/.venv/lib/python3.10/site-packages/pkg_resources/__init__.py:3117: DeprecationWarning: Deprecated call to `pkg_resources.declare_namespace('mpl_toolkits')`.
Implementing implicit namespace packages (as specified in PEP 420) is preferred to `pkg_resources.declare_namespace`. See https://setuptools.pypa.io/en/latest/references/keywords.html#keyword-namespace-packages
  declare_namespace(pkg)
/Users/umitarslan/customer-care-ai/.venv/lib/python3.10/site-packages/pkg_resources/__init__.py:3117: DeprecationWarning: Deprecated call to `pkg_resources.declare_namespace('ruamel')`.
Implementing implicit namespace packages (as specified in PEP 420) is preferred to `pkg_resources.declare_namespace`. See https://setuptools.pypa.io/en/latest/references/keywords.html#keyword-namespace-packages
  declare_namespace(pkg)
<frozen importlib._bootstrap>:283: DeprecationWarning: the load_module() method is deprecated and slated for removal in Python 3.12; use exec_module() instead
/Users/umitarslan/customer-care-ai/.venv/lib/python3.10/site-packages/sanic_cors/extension.py:39: DeprecationWarning: distutils Version classes are deprecated. Use packaging.version instead.
  SANIC_VERSION = LooseVersion(sanic_version)
2025-06-23 10:03:10 INFO     rasa_sdk.endpoint  - Starting action endpoint server...
2025-06-23 10:03:10 INFO     rasa_sdk.executor  - Registered function for 'action_tell_joke'.
2025-06-23 10:03:10 INFO     rasa_sdk.executor  - Registered function for 'action_tell_time'.
2025-06-23 10:03:10 INFO     rasa_sdk.executor  - Registered function for 'action_tell_date'.
2025-06-23 10:03:10 INFO     rasa_sdk.executor  - Registered function for 'action_tell_datetime'.
2025-06-23 10:03:10 INFO     rasa_sdk.executor  - Registered function for 'action_increment_fallback_count'.
2025-06-23 10:03:10 INFO     rasa_sdk.executor  - Registered function for 'action_handoff_to_human'.
2025-06-23 10:03:10 INFO     rasa_sdk.executor  - Registered function for 'action_ask_order_number'.
2025-06-23 10:03:10 INFO     rasa_sdk.executor  - Registered function for 'action_default_fallback'.
2025-06-23 10:03:10 INFO     rasa_sdk.executor  - Registered function for 'action_check_order_status'.
2025-06-23 10:03:10 INFO     rasa_sdk.executor  - Registered function for 'action_ask_how_can_i_help'.
2025-06-23 10:03:10 INFO     rasa_sdk.executor  - Registered function for 'action_return_item'.
2025-06-23 10:03:10 INFO     rasa_sdk.executor  - Registered function for 'action_contact_support'.
2025-06-23 10:03:10 INFO     rasa_sdk.executor  - Registered function for 'action_provide_return_policy'.
2025-06-23 10:03:10 INFO     rasa_sdk.executor  - Registered function for 'action_provide_order_status'.
2025-06-23 10:03:10 INFO     rasa_sdk.endpoint  - Starting plugins...
2025-06-23 10:03:10 DEBUG    rasa_sdk.plugin  - No plugins found: No module named 'rasa_sdk_plugins'
2025-06-23 10:03:10 INFO     rasa_sdk.endpoint  - Action endpoint is up and running on http://0.0.0.0:5055
2025-06-23 10:03:10 DEBUG    rasa_sdk.utils  - Using the default number of Sanic workers (1).
./start_actions.sh: line 19:  5370 Terminated: 15          rasa run actions --actions actions --port 5055 --debug
\n✅ Rasa Action Server has been stopped.
