[0;34mℹ️  2025-06-23 09:53:37 - Starting Rasa shell script in api mode[0m
[0;34mℹ️  2025-06-23 09:53:37 - Checking dependencies...[0m
[0;32m✅ 2025-06-23 09:53:37 - All required dependencies are available[0m
[0;34mℹ️  2025-06-23 09:53:37 - Stopping any running Rasa shell processes...[0m
[0;34mℹ️  2025-06-23 09:53:39 - Finding latest model...[0m
[0;32m✅ 2025-06-23 09:53:39 - Using model: 20250620-232016-nice-raspberry.tar.gz[0m
[0;34mℹ️  2025-06-23 09:53:39 - Checking action server on port 5055[0m
[0;34mℹ️  2025-06-23 09:53:39 - Action server is not running. Starting it now...[0m
[0;34mℹ️  2025-06-23 09:53:39 - Waiting for action server to start...[0m
............[0;32m✅ 2025-06-23 09:53:54 - Action server started successfully on port 5055[0m

[0;34mℹ️  2025-06-23 09:53:54 - Starting Rasa in api mode with the following configuration:[0m
[0;36m  • Model:[0m 20250620-232016-nice-raspberry.tar.gz
[0;36m  • Server port:[0m 5005
[0;36m  • Action server port:[0m 5055
[0;36m  • Endpoints:[0m endpoints.yml
[0;36m  • Credentials:[0m credentials.yml
[0;34mℹ️  2025-06-23 09:53:54 - Loading model, this may take a moment...[0m
/Users/umitarslan/customer-care-ai/.venv/lib/python3.10/site-packages/rasa/core/tracker_store.py:1044: MovedIn20Warning: Deprecated API features detected! These feature(s) are not compatible with SQLAlchemy 2.0. To prevent incompatible upgrades prior to updating applications, ensure requirements files are pinned to "sqlalchemy<2.0". Set environment variable SQLALCHEMY_WARN_20=1 to show all deprecation warnings.  Set environment variable SQLALCHEMY_SILENCE_UBER_WARNING=1 to silence this message. (Background on SQLAlchemy 2.0 at: https://sqlalche.me/e/b8d9)
  Base: DeclarativeMeta = declarative_base()
usage: rasa [-h] [--version]
            {init,run,shell,train,interactive,telemetry,test,visualize,data,export,x,evaluate}
            ...
rasa: error: argument {init,run,shell,train,interactive,telemetry,test,visualize,data,export,x,evaluate}: invalid choice: 'api' (choose from 'init', 'run', 'shell', 'train', 'interactive', 'telemetry', 'test', 'visualize', 'data', 'export', 'x', 'evaluate')


[0;34mℹ️  2025-06-23 09:53:55 - Cleaning up...[0m
[0;34mℹ️  2025-06-23 09:53:55 - Stopping action server (PID: 3222)...[0m
[0;32m✅ 2025-06-23 09:53:56 - Cleanup complete.[0m
[0;34mℹ️  2025-06-23 09:59:55 - Starting Rasa shell script in api mode[0m
[0;34mℹ️  2025-06-23 09:59:55 - Checking dependencies...[0m
[0;32m✅ 2025-06-23 09:59:55 - All required dependencies are available[0m
[0;34mℹ️  2025-06-23 09:59:55 - Stopping any running Rasa shell processes...[0m
[0;34mℹ️  2025-06-23 09:59:56 - Starting Rasa shell script in api mode[0m
[0;34mℹ️  2025-06-23 09:59:56 - Checking dependencies...[0m
[0;32m✅ 2025-06-23 09:59:56 - All required dependencies are available[0m
[0;34mℹ️  2025-06-23 09:59:56 - Stopping any running Rasa shell processes...[0m
[0;34mℹ️  2025-06-23 09:59:57 - Finding latest model...[0m
[0;32m✅ 2025-06-23 09:59:57 - Using model: 20250620-232016-nice-raspberry.tar.gz[0m
[0;34mℹ️  2025-06-23 09:59:57 - Checking action server on port 5055[0m
[0;34mℹ️  2025-06-23 09:59:57 - Action server is not running. Starting it now...[0m
[0;34mℹ️  2025-06-23 09:59:57 - Waiting for action server to start...[0m
[0;34mℹ️  2025-06-23 09:59:58 - Finding latest model...[0m
[0;32m✅ 2025-06-23 09:59:58 - Using model: 20250620-232016-nice-raspberry.tar.gz[0m
[0;34mℹ️  2025-06-23 09:59:58 - Checking action server on port 5055[0m
[0;34mℹ️  2025-06-23 09:59:58 - Action server is not running. Starting it now...[0m
[0;34mℹ️  2025-06-23 09:59:58 - Waiting for action server to start...[0m
......[0;32m✅ 2025-06-23 10:00:02 - Action server started successfully on port 5055[0m

.[0;32m✅ 2025-06-23 10:00:02 - Action server started successfully on port 5055[0m

[0;34mℹ️  2025-06-23 10:00:02 - Starting Rasa in api mode with the following configuration:[0m
[0;36m  • Model:[0m 20250620-232016-nice-raspberry.tar.gz
[0;36m  • Server port:[0m 5005
[0;36m  • Action server port:[0m 5055
[0;36m  • Endpoints:[0m endpoints.yml
[0;36m  • Credentials:[0m credentials.yml
[0;34mℹ️  2025-06-23 10:00:02 - Loading model, this may take a moment...[0m
[0;34mℹ️  2025-06-23 10:00:02 - Starting Rasa in api mode with the following configuration:[0m
[0;36m  • Model:[0m 20250620-232016-nice-raspberry.tar.gz
[0;36m  • Server port:[0m 5005
[0;36m  • Action server port:[0m 5055
[0;36m  • Endpoints:[0m endpoints.yml
[0;36m  • Credentials:[0m credentials.yml
[0;34mℹ️  2025-06-23 10:00:02 - Loading model, this may take a moment...[0m
/Users/umitarslan/customer-care-ai/.venv/lib/python3.10/site-packages/rasa/core/tracker_store.py:1044: MovedIn20Warning: Deprecated API features detected! These feature(s) are not compatible with SQLAlchemy 2.0. To prevent incompatible upgrades prior to updating applications, ensure requirements files are pinned to "sqlalchemy<2.0". Set environment variable SQLALCHEMY_WARN_20=1 to show all deprecation warnings.  Set environment variable SQLALCHEMY_SILENCE_UBER_WARNING=1 to silence this message. (Background on SQLAlchemy 2.0 at: https://sqlalche.me/e/b8d9)
  Base: DeclarativeMeta = declarative_base()
/Users/umitarslan/customer-care-ai/.venv/lib/python3.10/site-packages/rasa/core/tracker_store.py:1044: MovedIn20Warning: Deprecated API features detected! These feature(s) are not compatible with SQLAlchemy 2.0. To prevent incompatible upgrades prior to updating applications, ensure requirements files are pinned to "sqlalchemy<2.0". Set environment variable SQLALCHEMY_WARN_20=1 to show all deprecation warnings.  Set environment variable SQLALCHEMY_SILENCE_UBER_WARNING=1 to silence this message. (Background on SQLAlchemy 2.0 at: https://sqlalche.me/e/b8d9)
  Base: DeclarativeMeta = declarative_base()
usage: rasa [-h] [--version]
            {init,run,shell,train,interactive,telemetry,test,visualize,data,export,x,evaluate}
            ...
rasa: error: argument {init,run,shell,train,interactive,telemetry,test,visualize,data,export,x,evaluate}: invalid choice: 'api' (choose from 'init', 'run', 'shell', 'train', 'interactive', 'telemetry', 'test', 'visualize', 'data', 'export', 'x', 'evaluate')
usage: rasa [-h] [--version]
            {init,run,shell,train,interactive,telemetry,test,visualize,data,export,x,evaluate}
            ...
rasa: error: argument {init,run,shell,train,interactive,telemetry,test,visualize,data,export,x,evaluate}: invalid choice: 'api' (choose from 'init', 'run', 'shell', 'train', 'interactive', 'telemetry', 'test', 'visualize', 'data', 'export', 'x', 'evaluate')


[0;34mℹ️  2025-06-23 10:00:03 - Cleaning up...[0m


[0;34mℹ️  2025-06-23 10:00:03 - Stopping action server (PID: 4404)...[0m
[0;34mℹ️  2025-06-23 10:00:03 - Cleaning up...[0m
[0;34mℹ️  2025-06-23 10:00:03 - Stopping action server (PID: 4381)...[0m
[0;32m✅ 2025-06-23 10:00:04 - Cleanup complete.[0m
[0;32m✅ 2025-06-23 10:00:04 - Cleanup complete.[0m
[0;34mℹ️  2025-06-23 10:02:55 - Starting Rasa shell script in api mode[0m
[0;34mℹ️  2025-06-23 10:02:55 - Checking dependencies...[0m
[0;32m✅ 2025-06-23 10:02:55 - All required dependencies are available[0m
[0;34mℹ️  2025-06-23 10:02:55 - Stopping any running Rasa shell processes...[0m
[0;34mℹ️  2025-06-23 10:02:57 - Finding latest model...[0m
[0;32m✅ 2025-06-23 10:02:57 - Using model: 20250620-232016-nice-raspberry.tar.gz[0m
[0;34mℹ️  2025-06-23 10:02:57 - Checking action server on port 5055[0m
[0;34mℹ️  2025-06-23 10:02:57 - Action server is not running. Starting it now...[0m
[0;34mℹ️  2025-06-23 10:02:57 - Waiting for action server to start...[0m
....[0;32m✅ 2025-06-23 10:03:01 - Action server started successfully on port 5055[0m

[0;34mℹ️  2025-06-23 10:03:01 - Starting Rasa in api mode with the following configuration:[0m
[0;36m  • Model:[0m 20250620-232016-nice-raspberry.tar.gz
[0;36m  • Server port:[0m 5005
[0;36m  • Action server port:[0m 5055
[0;36m  • Endpoints:[0m endpoints.yml
[0;36m  • Credentials:[0m credentials.yml
[0;34mℹ️  2025-06-23 10:03:02 - Loading model, this may take a moment...[0m
/Users/umitarslan/customer-care-ai/.venv/lib/python3.10/site-packages/rasa/core/tracker_store.py:1044: MovedIn20Warning: Deprecated API features detected! These feature(s) are not compatible with SQLAlchemy 2.0. To prevent incompatible upgrades prior to updating applications, ensure requirements files are pinned to "sqlalchemy<2.0". Set environment variable SQLALCHEMY_WARN_20=1 to show all deprecation warnings.  Set environment variable SQLALCHEMY_SILENCE_UBER_WARNING=1 to silence this message. (Background on SQLAlchemy 2.0 at: https://sqlalche.me/e/b8d9)
  Base: DeclarativeMeta = declarative_base()
usage: rasa [-h] [--version]
            {init,run,shell,train,interactive,telemetry,test,visualize,data,export,x,evaluate}
            ...
rasa: error: argument {init,run,shell,train,interactive,telemetry,test,visualize,data,export,x,evaluate}: invalid choice: 'api' (choose from 'init', 'run', 'shell', 'train', 'interactive', 'telemetry', 'test', 'visualize', 'data', 'export', 'x', 'evaluate')


[0;34mℹ️  2025-06-23 10:03:03 - Cleaning up...[0m
[0;34mℹ️  2025-06-23 10:03:03 - Stopping action server (PID: 5282)...[0m
[0;32m✅ 2025-06-23 10:03:04 - Cleanup complete.[0m
